2025-01-24 21:05:03,310 - INFO - Scraping Successfully HTR: 6/6
2025-01-24 21:05:48,781 - INFO - Scraping Successfully HU6: 8/8
2025-01-24 21:13:08,719 - INFO - Scraping Successfully HSV: 28/28
2025-01-24 21:18:25,522 - INFO - Scraping Successfully HTT: 39/39
2025-01-24 21:19:01,159 - INFO - Scraping Successfully HSP: 40/40
2025-01-24 21:19:31,483 - INFO - Scraping Successfully HU4: 41/41
2025-01-24 21:20:27,358 - INFO - Scraping Successfully HTI: 43/43
2025-01-24 21:21:49,901 - WARNING - Not enough reports HU3: 46/44
2025-01-24 21:26:22,427 - INFO - Scraping Successfully HTE: 54/54
2025-01-24 21:29:30,384 - INFO - Scraping Successfully HTP: 60/60
2025-01-24 21:36:24,662 - WARNING - Not enough reports HTN: 72/70
2025-01-24 21:38:23,882 - INFO - Scraping Successfully HTM: 75/75
2025-01-24 21:41:03,659 - INFO - Scraping Successfully HTC: 79/79
2025-01-24 21:41:38,582 - INFO - Scraping Successfully HU1: 80/80
2025-01-24 21:42:36,702 - WARNING - Not enough reports HUG: 84/77
2025-01-24 21:42:53,164 - INFO - Scraping Successfully HTG: 82/82
2025-01-24 21:42:54,661 - INFO - Scraping Successfully HTV: 82/82
2025-01-24 21:43:31,607 - WARNING - Not enough reports HUB: 86/76
2025-01-24 21:46:01,152 - WARNING - Not enough reports HTL: 88/84
2025-01-24 21:46:43,050 - WARNING - Not enough reports HT1: 89/84
