2025-01-26 07:56:09,257 - WARNING - Not enough reports TPB: 58/52
2025-01-26 07:58:54,410 - INFO - Scraping Successfully TS3: 5/5
2025-01-26 07:59:18,049 - INFO - Scraping Successfully TQW: 6/6
2025-01-26 07:59:37,640 - INFO - Scraping Successfully TRT: 7/7
2025-01-26 07:59:37,760 - INFO - Scraping Successfully TQN: 7/7
2025-01-26 07:59:37,915 - INFO - Scraping Successfully TR1: 7/7
2025-01-26 07:59:39,571 - INFO - Scraping Successfully TSG: 7/7
2025-01-26 07:59:40,074 - INFO - Scraping Successfully TPS: 7/7
2025-01-26 07:59:41,738 - INFO - Scraping Successfully TRS: 7/7
2025-01-26 08:00:28,733 - INFO - Scraping Successfully TSD: 9/9
2025-01-26 08:12:42,300 - INFO - Scraping Successfully TPH: 39/39
2025-01-26 08:13:40,464 - INFO - Scraping Successfully TSB: 41/41
2025-01-26 08:15:07,365 - INFO - Scraping Successfully TSJ: 44/44
2025-01-26 08:15:38,112 - INFO - Scraping Successfully TPP: 45/45
2025-01-26 08:25:31,238 - INFO - Scraping Successfully TST: 63/63
2025-01-26 08:27:41,217 - WARNING - Not enough reports TS4: 71/58
2025-01-26 08:37:08,219 - INFO - Scraping Successfully TPC: 82/82
2025-01-26 08:37:42,693 - INFO - Scraping Successfully TRA: 83/83
2025-01-26 08:38:57,747 - INFO - Scraping Successfully TSC: 85/85
2025-01-26 08:48:24,598 - WARNING - Not enough reports TRC: 104/92
