2025-01-23 20:28:57,232 - INFO - Scraping Successfully AGE: 0/0
2025-01-23 20:28:59,469 - INFO - Scraping Successfully AGR: 0/0
2025-01-23 20:31:48,901 - INFO - Scraping Successfully AG1: 7/7
2025-01-23 20:34:34,252 - INFO - Scraping Successfully AGX: 14/14
2025-01-23 20:35:09,523 - INFO - Scraping Successfully ALV: 17/17
2025-01-23 20:42:45,315 - WARNING - Not enough reports ACV: 23/84
2025-01-23 20:42:51,818 - WARNING - Not enough reports ADS: 23/85
2025-01-23 20:42:52,007 - WARNING - Not enough reports AGP: 23/31
2025-01-23 20:42:52,194 - WARNING - Not enough reports AIC: 23/36
2025-01-23 20:42:53,694 - WARNING - Not enough reports AGF: 23/40
2025-01-23 20:42:54,036 - WARNING - Not enough reports AME: 23/45
2025-01-23 20:42:54,037 - WARNING - Not enough reports ADG: 23/30
2025-01-23 20:42:54,348 - WARNING - Not enough reports ALT: 23/77
2025-01-23 20:42:54,758 - WARNING - Not enough reports AGM: 23/78
2025-01-23 20:50:23,964 - WARNING - Not enough reports ADP: 50/42
2025-01-23 20:50:49,360 - WARNING - Not enough reports ADC: 51/43
2025-01-23 20:52:50,445 - WARNING - Not enough reports AFX: 51/43
2025-01-23 20:53:34,433 - WARNING - Not enough reports AMC: 57/43
2025-01-23 21:05:26,676 - WARNING - Not enough reports AGG: 76/63
2025-01-23 21:06:50,190 - WARNING - Not enough reports AMD: 71/69
