2025-01-26 03:43:24,453 - INFO - Scraping Successfully TCI: 0/0
2025-01-26 03:44:14,782 - INFO - Scraping Successfully TBT: 2/2
2025-01-26 03:44:39,516 - INFO - Scraping Successfully TBW: 3/3
2025-01-26 03:45:45,706 - INFO - Scraping Successfully TAN: 6/6
2025-01-26 03:45:45,723 - INFO - Scraping Successfully TA3: 6/6
2025-01-26 03:46:07,473 - INFO - Scraping Successfully TAW: 7/7
2025-01-26 03:46:08,745 - INFO - Scraping Successfully TA6: 7/7
2025-01-26 03:46:36,276 - INFO - Scraping Successfully TCJ: 8/8
2025-01-26 03:46:36,448 - INFO - Scraping Successfully TBR: 8/8
2025-01-26 03:48:01,966 - INFO - Scraping Successfully TB8: 12/12
2025-01-26 03:48:53,596 - INFO - Scraping Successfully TBH: 14/14
2025-01-26 03:54:18,966 - INFO - Scraping Successfully TBX: 29/29
2025-01-26 03:58:41,682 - INFO - Scraping Successfully TC6: 38/38
2025-01-26 04:13:06,620 - INFO - Scraping Successfully TA9: 65/65
2025-01-26 04:19:49,633 - WARNING - Not enough reports TAR: 81/66
2025-01-26 04:22:11,493 - INFO - Scraping Successfully TCB: 80/80
2025-01-26 04:24:47,379 - INFO - Scraping Successfully TCD: 84/84
2025-01-26 04:24:48,829 - INFO - Scraping Successfully TBD: 84/84
2025-01-26 04:28:20,201 - WARNING - Not enough reports TCH: 93/84
2025-01-26 04:30:01,087 - INFO - Scraping Successfully TBC: 92/92
