2025-02-02 08:44:13,800 - INFO - Scraping Successfully VND: 0/0
2025-02-02 08:44:14,245 - INFO - Scraping Successfully WSS: 0/0
2025-02-02 08:44:14,496 - INFO - Scraping Successfully VKP: 0/0
2025-02-02 08:44:14,726 - INFO - Scraping Successfully VUA: 0/0
2025-02-02 08:44:15,366 - INFO - Scraping Successfully XDC: 0/0
2025-02-02 08:48:46,590 - WARNING - Not enough reports YEG: 0/82
2025-02-02 08:59:30,764 - INFO - Scraping Successfully VRG: 38/38
2025-02-02 09:01:30,832 - INFO - Scraping Successfully VLB: 42/42
2025-02-02 09:01:56,886 - INFO - Scraping Successfully VLG: 43/43
2025-02-02 09:02:21,477 - INFO - Scraping Successfully VTA: 44/44
2025-02-02 09:07:53,243 - WARNING - Not enough reports VNZ: 51/97
2025-02-02 09:12:19,007 - INFO - Scraping Successfully VNA: 62/62
2025-02-02 09:12:56,583 - WARNING - Not enough reports VSN: 64/60
2025-02-02 09:17:01,568 - INFO - Scraping Successfully VTJ: 70/70
2025-02-02 09:24:30,306 - INFO - Scraping Successfully VSM: 82/82
2025-02-02 09:25:20,861 - WARNING - Not enough reports VTG: 84/82
2025-02-02 09:25:41,878 - INFO - Scraping Successfully VSH: 84/84
2025-02-02 09:26:00,970 - WARNING - Not enough reports VNM: 88/79
2025-02-02 09:26:39,325 - WARNING - Not enough reports VPB: 87/82
2025-02-02 09:34:53,984 - WARNING - Not enough reports VNE: 100/83
