2024-11-27 07:03:22,414 - INFO - Scraping Successfully PHS: 0/0
2024-11-27 07:03:23,077 - INFO - Scraping Successfully ORS: 0/0
2024-11-27 07:04:28,762 - INFO - Scraping Successfully PEQ: 3/3
2024-11-27 07:04:30,785 - INFO - Scraping Successfully ODE: 3/3
2024-11-27 07:04:54,471 - INFO - Scraping Successfully PLE: 4/4
2024-11-27 07:05:15,741 - INFO - Scraping Successfully PID: 5/5
2024-11-27 07:05:37,647 - INFO - Scraping Successfully PJS: 6/6
2024-11-27 07:05:39,325 - INFO - Scraping Successfully PND: 6/6
2024-11-27 07:05:43,667 - INFO - Scraping Successfully NVP: 6/6
2024-11-27 07:06:02,612 - INFO - Scraping Successfully ONW: 7/7
2024-11-27 07:06:04,022 - INFO - Scraping Successfully NWT: 7/7
2024-11-27 07:06:04,400 - INFO - Scraping Successfully PAI: 7/7
2024-11-27 07:06:05,846 - INFO - Scraping Successfully PMT: 7/7
2024-11-27 07:06:26,040 - INFO - Scraping Successfully PLO: 8/8
2024-11-27 07:06:26,585 - INFO - Scraping Successfully NUE: 8/8
2024-11-27 07:06:27,207 - INFO - Scraping Successfully PMJ: 8/8
2024-11-27 07:06:27,755 - INFO - Scraping Successfully PEC: 8/8
2024-11-27 07:07:59,936 - INFO - Scraping Successfully PCC: 12/12
2024-11-27 07:08:45,662 - INFO - Scraping Successfully PLA: 14/14
2024-11-27 07:38:50,242 - INFO - Scraping Successfully PCG: 75/75
2024-11-27 07:40:40,296 - WARNING - Not enough reports NVB: 75/78
2024-11-27 07:48:21,778 - INFO - Scraping Successfully PIS: 90/90
2024-11-27 08:07:29,710 - WARNING - Not enough reports PEG: 125/76
